<?xml version="1.0" encoding="UTF-8"?>
<testng-results skipped="0" failed="0" ignored="0" total="1" passed="1">
  <reporter-output>
  </reporter-output>
  <suite name="Default suite" duration-ms="28397" started-at="2022-11-28T04:21:45Z" finished-at="2022-11-28T04:22:14Z">
    <groups>
    </groups>
    <test name="Default test" duration-ms="28397" started-at="2022-11-28T04:21:45Z" finished-at="2022-11-28T04:22:14Z">
      <class name="testScripts.PSA_01Test">
        <test-method status="PASS" signature="configBS()[pri:0, instance:testScripts.PSA_01Test@307f6b8c]" name="configBS" is-config="true" duration-ms="215" started-at="2022-11-28T09:51:45Z" finished-at="2022-11-28T09:51:45Z">
          <reporter-output>
          </reporter-output>
        </test-method> <!-- configBS -->
        <test-method status="PASS" signature="launchApp()[pri:0, instance:testScripts.PSA_01Test@307f6b8c]" name="launchApp" is-config="true" duration-ms="18263" started-at="2022-11-28T09:51:46Z" finished-at="2022-11-28T09:52:04Z">
          <reporter-output>
          </reporter-output>
        </test-method> <!-- launchApp -->
        <test-method status="PASS" signature="userProfileValidationTest()[pri:0, instance:testScripts.PSA_01Test@307f6b8c]" name="userProfileValidationTest" duration-ms="8924" started-at="2022-11-28T09:52:04Z" finished-at="2022-11-28T09:52:13Z">
          <reporter-output>
          </reporter-output>
        </test-method> <!-- userProfileValidationTest -->
        <test-method status="PASS" signature="closeApp(org.testng.ITestResult)[pri:0, instance:testScripts.PSA_01Test@307f6b8c]" name="closeApp" is-config="true" duration-ms="453" started-at="2022-11-28T09:52:13Z" finished-at="2022-11-28T09:52:14Z">
          <params>
            <param index="0">
              <value>
                <![CDATA[[TestResult name=userProfileValidationTest status=SUCCESS method=PSA_01Test.userProfileValidationTest()[pri:0, instance:testScripts.PSA_01Test@307f6b8c] output={null}]]]>
              </value>
            </param>
          </params>
          <reporter-output>
          </reporter-output>
        </test-method> <!-- closeApp -->
        <test-method status="PASS" signature="configAC()[pri:0, instance:testScripts.PSA_01Test@307f6b8c]" name="configAC" is-config="true" duration-ms="0" started-at="2022-11-28T09:52:14Z" finished-at="2022-11-28T09:52:14Z">
          <reporter-output>
          </reporter-output>
        </test-method> <!-- configAC -->
        <test-method status="PASS" signature="configAS()[pri:0, instance:testScripts.PSA_01Test@307f6b8c]" name="configAS" is-config="true" duration-ms="0" started-at="2022-11-28T09:52:15Z" finished-at="2022-11-28T09:52:15Z">
          <reporter-output>
          </reporter-output>
        </test-method> <!-- configAS -->
      </class> <!-- testScripts.PSA_01Test -->
    </test> <!-- Default test -->
  </suite> <!-- Default suite -->
</testng-results>
